Iniciando primeira thread
Iniciando segunda thread

Requisição 255 

OK
Requisição 256 

OK
Requisição 257 

OK
Requisição 258 

OK
Requisição 259 

OK
Requisição 260 

OK
Requisição 261 

OK
Requisição 262 

OK
Requisição 263 

OK
Requisição 264 


OK
Requisição 265 

Iniciando primeira thread
Iniciando segunda thread

Requisição 266 

OK

Requisição 267 


OK
Iniciando primeira thread
Iniciando segunda thread

Requisição 268 

OK
Requisição 269 


Requisição 270 


OK
Requisição 271 


OK

OK

Requisição 273 


Requisição 272 


OK

OK
Requisição 274 

OK
Requisição 275 

OK
Requisição 276 

OK
Requisição 277 

OK
Requisição 278 


OK
Requisição 279 


OK
Requisição 280 

Iniciando primeira thread
Iniciando segunda thread

Requisição 281 

OK

Requisição 282 


Requisição 283 


OK

Requisição 284 


OK
Requisição 285 


OK

OK
Requisição 286 

OK
Requisição 287 


Requisição 288 


OK

OK
Iniciando primeira thread
Iniciando segunda thread

Requisição 289 

Requisição 290 


Requisição 291 


OK

OK

OK
Requisição 294 


Requisição 292 


Requisição 295 


OK

Requisição 297 

Iniciando primeira thread
Iniciando segunda thread

Requisição 293 

Requisição 296 


OK

OK

Requisição 298 


OK

Requisição 299 


Requisição 301 


Requisição 300 


OK
Requisição 302 


OK

OK

OK

OK

OK

OK
Requisição 303 


Requisição 304 


OK
Requisição 305 


OK

Requisição 306 


Requisição 307 


OK

Requisição 309 


Requisição 310 


OK

Requisição 311 


OK

Requisição 308 


Requisição 313 


Requisição 312 


OK
Requisição 314 


OK

OK

Requisição 315 


OK

Requisição 317 

Iniciando primeira thread
Iniciando segunda thread

Requisição 316 

OK

OK

Requisição 318 


OK

Requisição 319 


Requisição 320 


OK

Requisição 322 

Iniciando primeira thread
Iniciando segunda thread

Requisição 323 

OK

Requisição 324 


Requisição 325 


OK

OK

Requisição 321 


OK

OK

Requisição 326 


Requisição 327 


OK

Requisição 328 


Requisição 329 


OK

Requisição 330 


OK

OK

Requisição 331 


Requisição 332 

OK

OK
Requisição 333 


OK
Requisição 334 

OK
Requisição 335 


OK

Requisição 336 


OK

Requisição 337 


Requisição 338 

OK
Requisição 339 

OK
Requisição 340 

OK
Requisição 341 

OK
Requisição 342 


OK
Requisição 343 

OK
Requisição 344 


80

Requisição 345 


80

Requisição 346 


80

Requisição 347 


80

Requisição 348 


80

Requisição 349 


80

Requisição 350 


80

Requisição 351 


80

Requisição 352 

Iniciando primeira thread
Iniciando segunda thread
Iniciando primeira thread
Iniciando segunda thread
